Log file open, 01/31/24 21:09:12
LogWindows: Failed to load 'aqProf.dll' (GetLastError=126)
LogWindows: File 'aqProf.dll' does not exist
LogWindows: Failed to load 'VtuneApi.dll' (GetLastError=126)
LogWindows: File 'VtuneApi.dll' does not exist
LogWindows: Failed to load 'VtuneApi32e.dll' (GetLastError=126)
LogWindows: File 'VtuneApi32e.dll' does not exist
LogConsoleResponse: Display: Failed to find resolution value strings in scalability ini. Falling back to default.
LogConsoleResponse: Display: Failed to find resolution value strings in scalability ini. Falling back to default.
LogInit: Display: Running engine for game: GAM305_Team2
LogPlatformFile: Not using cached read wrapper
LogTaskGraph: Started task graph with 5 named threads and 47 total threads with 3 sets of task threads.
LogStats: Stats thread started at 0.174910
LogICUInternationalization: ICU TimeZone Detection - Raw Offset: -5:00, Platform Override: ''
LogInit: Display: Loading text-based GConfig....
LogPluginManager: Mounting plugin MeshPainting
LogPluginManager: Mounting plugin XGEController
LogPluginManager: Mounting plugin Paper2D
LogPluginManager: Mounting plugin LiveLink
LogPluginManager: Mounting plugin AISupport
LogPluginManager: Mounting plugin EnvironmentQueryEditor
LogPluginManager: Mounting plugin LightPropagationVolume
LogPluginManager: Mounting plugin CameraShakePreviewer
LogPluginManager: Mounting plugin OodleData
LogPluginManager: Mounting plugin OodleNetwork
LogPluginManager: Mounting plugin GameplayCameras
LogPluginManager: Mounting plugin CodeLiteSourceCodeAccess
LogPluginManager: Mounting plugin AnimationSharing
LogPluginManager: Mounting plugin CLionSourceCodeAccess
LogPluginManager: Mounting plugin GitSourceControl
LogPluginManager: Mounting plugin KDevelopSourceCodeAccess
LogPluginManager: Mounting plugin NullSourceCodeAccess
LogPluginManager: Mounting plugin PerforceSourceControl
LogPluginManager: Mounting plugin PixWinPlugin
LogPluginManager: Mounting plugin PlasticSourceControl
LogPluginManager: Mounting plugin PluginUtils
LogPluginManager: Mounting plugin PropertyAccessNode
LogPluginManager: Mounting plugin RiderSourceCodeAccess
LogPluginManager: Mounting plugin TextureFormatOodle
LogPluginManager: Mounting plugin SubversionSourceControl
LogPluginManager: Mounting plugin AssetManagerEditor
LogPluginManager: Mounting plugin UObjectPlugin
LogPluginManager: Mounting plugin VisualStudioCodeSourceCodeAccess
LogPluginManager: Mounting plugin VisualStudioSourceCodeAccess
LogPluginManager: Mounting plugin XCodeSourceCodeAccess
LogPluginManager: Mounting plugin CryptoKeys
LogPluginManager: Mounting plugin CurveEditorTools
LogPluginManager: Mounting plugin DataValidation
LogPluginManager: Mounting plugin EditorScriptingUtilities
LogPluginManager: Mounting plugin GameplayTagsEditor
LogPluginManager: Mounting plugin DataprepEditor
LogPluginManager: Mounting plugin FacialAnimation
LogPluginManager: Mounting plugin GeometryMode
LogPluginManager: Mounting plugin PluginBrowser
LogPluginManager: Mounting plugin MacGraphicsSwitching
LogPluginManager: Mounting plugin MaterialAnalyzer
LogPluginManager: Mounting plugin DatasmithContent
LogPluginManager: Mounting plugin MobileLauncherProfileWizard
LogPluginManager: Mounting plugin MeshEditor
LogPluginManager: Mounting plugin SpeedTreeImporter
LogPluginManager: Mounting plugin DatasmithFBXImporter
LogPluginManager: Mounting plugin AlembicImporter
LogPluginManager: Mounting plugin DatasmithImporter
LogPluginManager: Mounting plugin StaticMeshEditorExtension
LogPluginManager: Mounting plugin VariantManager
LogPluginManager: Mounting plugin VariantManagerContent
LogPluginManager: Mounting plugin BackChannel
LogPluginManager: Mounting plugin AutomationUtils
LogPluginManager: Mounting plugin BlastPlugin
LogPluginManager: Mounting plugin ChaosCloth
LogPluginManager: Mounting plugin ChaosClothEditor
LogPluginManager: Mounting plugin ChaosEditor
LogPluginManager: Mounting plugin ChaosSolverPlugin
LogPluginManager: Mounting plugin ChaosNiagara
LogPluginManager: Mounting plugin CharacterAI
LogPluginManager: Mounting plugin Niagara
LogPluginManager: Mounting plugin GeometryCache
LogPluginManager: Mounting plugin GeometryCollectionPlugin
LogPluginManager: Mounting plugin GeometryProcessing
LogPluginManager: Mounting plugin MotoSynth
LogPluginManager: Mounting plugin OpenImageDenoise
LogPluginManager: Mounting plugin PlanarCut
LogPluginManager: Mounting plugin PlatformCrypto
LogPluginManager: Mounting plugin ProxyLODPlugin
LogPluginManager: Mounting plugin PythonScriptPlugin
LogPluginManager: Mounting plugin SkeletalReduction
LogPluginManager: Mounting plugin LuminPlatformFeatures
LogPluginManager: Mounting plugin MagicLeap
LogPluginManager: Mounting plugin AndroidMedia
LogPluginManager: Mounting plugin MagicLeapLightEstimation
LogPluginManager: Mounting plugin MagicLeapMedia
LogPluginManager: Mounting plugin MagicLeapPassableWorld
LogPluginManager: Mounting plugin MLSDK
LogPluginManager: Mounting plugin AvfMedia
LogPluginManager: Mounting plugin ImgMedia
LogPluginManager: Mounting plugin MediaCompositing
LogPluginManager: Mounting plugin MediaPlayerEditor
LogPluginManager: Mounting plugin TcpMessaging
LogPluginManager: Mounting plugin WebMMedia
LogPluginManager: Mounting plugin ActorSequence
LogPluginManager: Mounting plugin UdpMessaging
LogPluginManager: Mounting plugin WmfMedia
LogPluginManager: Mounting plugin LevelSequenceEditor
LogPluginManager: Mounting plugin MatineeToLevelSequence
LogPluginManager: Mounting plugin TemplateSequence
LogPluginManager: Mounting plugin OnlineSubsystem
LogPluginManager: Mounting plugin ActorLayerUtilities
LogPluginManager: Mounting plugin OnlineSubsystemNull
LogPluginManager: Mounting plugin OnlineSubsystemUtils
LogPluginManager: Mounting plugin AndroidMoviePlayer
LogPluginManager: Mounting plugin AndroidDeviceProfileSelector
LogPluginManager: Mounting plugin AndroidPermission
LogPluginManager: Mounting plugin AppleImageUtils
LogPluginManager: Mounting plugin AppleMoviePlayer
LogPluginManager: Mounting plugin AudioCapture
LogPluginManager: Mounting plugin ArchVisCharacter
LogPluginManager: Mounting plugin AssetTags
LogPluginManager: Mounting plugin AudioSynesthesia
LogPluginManager: Mounting plugin CableComponent
LogPluginManager: Mounting plugin ChunkDownloader
LogPluginManager: Mounting plugin CustomMeshComponent
LogPluginManager: Mounting plugin EditableMesh
LogPluginManager: Mounting plugin ExampleDeviceProfileSelector
LogPluginManager: Mounting plugin GoogleCloudMessaging
LogPluginManager: Mounting plugin GooglePAD
LogPluginManager: Mounting plugin IOSDeviceProfileSelector
LogPluginManager: Mounting plugin LinuxDeviceProfileSelector
LogPluginManager: Mounting plugin LocationServicesBPLibrary
LogPluginManager: Mounting plugin MobilePatchingUtils
LogPluginManager: Mounting plugin LauncherChunkInstaller
LogPluginManager: Mounting plugin OpenXREyeTracker
LogPluginManager: Mounting plugin OpenXR
LogPluginManager: Mounting plugin OpenXRHandTracking
LogPluginManager: Mounting plugin PhysXVehicles
LogPluginManager: Mounting plugin PostSplashScreen
LogPluginManager: Mounting plugin PropertyAccessEditor
LogPluginManager: Mounting plugin ProceduralMeshComponent
LogPluginManager: Mounting plugin RuntimePhysXCooking
LogPluginManager: Mounting plugin SignificanceManager
LogPluginManager: Mounting plugin SoundFields
LogPluginManager: Mounting plugin Synthesis
LogPluginManager: Mounting plugin FbxAutomationTestBuilder
LogPluginManager: Mounting plugin WebMMoviePlayer
LogPluginManager: Mounting plugin WindowsMoviePlayer
LogPluginManager: Mounting plugin ScreenshotTools
LogPluginManager: Mounting plugin Takes
LogPluginManager: Mounting plugin ContentBrowserAssetDataSource
LogPluginManager: Mounting plugin ContentBrowserFileDataSource
LogPluginManager: Mounting plugin ContentBrowserClassDataSource
LogPluginManager: Mounting plugin OnlineSubsystemGooglePlay
LogPluginManager: Mounting plugin OnlineSubsystemIOS
LogPluginManager: Mounting plugin OculusVR
LogPluginManager: Mounting plugin SteamVR
PixWinPlugin: PIX capture plugin failed to initialize! Check that the process is launched from PIX.
LogInit: Using libcurl 7.55.1-DEV
LogInit:  - built for x86_64-pc-win32
LogInit:  - supports SSL with OpenSSL/1.1.1
LogInit:  - supports HTTP deflate (compression) using libz 1.2.8
LogInit:  - other features:
LogInit:      CURL_VERSION_SSL
LogInit:      CURL_VERSION_LIBZ
LogInit:      CURL_VERSION_IPV6
LogInit:      CURL_VERSION_ASYNCHDNS
LogInit:      CURL_VERSION_LARGEFILE
LogInit:      CURL_VERSION_IDN
LogInit:  CurlRequestOptions (configurable via config and command line):
LogInit:  - bVerifyPeer = true  - Libcurl will verify peer certificate
LogInit:  - bUseHttpProxy = false  - Libcurl will NOT use HTTP proxy
LogInit:  - bDontReuseConnections = false  - Libcurl will reuse connections
LogInit:  - MaxHostConnections = 16  - Libcurl will limit the number of connections to a host
LogInit:  - LocalHostAddr = Default
LogInit:  - BufferSize = 65536
LogOnline: OSS: Creating online subsystem instance for: NULL
LogInit: WinSock: version 1.1 (2.2), MaxSocks=32767, MaxUdp=65467
LogOnline: OSS: TryLoadSubsystemAndSetDefault: Loaded subsystem for module [NULL]
LogOculusPluginWrapper: OculusPlugin initialized successfully
LogHMD: Failed initializing OVRPlugin 1.59.0
LogInit: Build: ++UE4+Release-4.27-CL-18319896
LogInit: Engine Version: 4.27.2-18319896+++UE4+Release-4.27
LogInit: Compatible Engine Version: 4.27.0-17155196+++UE4+Release-4.27
LogInit: Net CL: 17155196
LogInit: OS: Windows 10 (Release 1809) (), CPU: Intel(R) Core(TM) i9-9900K CPU @ 3.60GHz, GPU: NVIDIA GeForce GTX 1070 Ti
LogInit: Compiled (64-bit): Nov 30 2021 07:12:08
LogInit: Compiled with Visual C++: 19.24.28315.00
LogInit: Build Configuration: Development
LogInit: Branch Name: ++UE4+Release-4.27
LogInit: Command Line: 
LogInit: Base Directory: D:/Program Files/Epic Games/UE_4.27/Engine/Binaries/Win64/
LogInit: Allocator: TBB
LogInit: Installed Engine Build: 1
LogDevObjectVersion: Number of dev versions registered: 29
LogDevObjectVersion:   Dev-Blueprints (B0D832E4-1F89-4F0D-ACCF-7EB736FD4AA2): 10
LogDevObjectVersion:   Dev-Build (E1C64328-A22C-4D53-A36C-8E866417BD8C): 0
LogDevObjectVersion:   Dev-Core (375EC13C-06E4-48FB-B500-84F0262A717E): 4
LogDevObjectVersion:   Dev-Editor (E4B068ED-F494-42E9-A231-DA0B2E46BB41): 40
LogDevObjectVersion:   Dev-Framework (CFFC743F-43B0-4480-9391-14DF171D2073): 37
LogDevObjectVersion:   Dev-Mobile (B02B49B5-BB20-44E9-A304-32B752E40360): 3
LogDevObjectVersion:   Dev-Networking (A4E4105C-59A1-49B5-A7C5-40C4547EDFEE): 0
LogDevObjectVersion:   Dev-Online (39C831C9-5AE6-47DC-9A44-9C173E1C8E7C): 0
LogDevObjectVersion:   Dev-Physics (78F01B33-EBEA-4F98-B9B4-84EACCB95AA2): 14
LogDevObjectVersion:   Dev-Platform (6631380F-2D4D-43E0-8009-CF276956A95A): 0
LogDevObjectVersion:   Dev-Rendering (12F88B9F-8875-4AFC-A67C-D90C383ABD29): 45
LogDevObjectVersion:   Dev-Sequencer (7B5AE74C-D270-4C10-A958-57980B212A5A): 13
LogDevObjectVersion:   Dev-VR (D7296918-1DD6-4BDD-9DE2-64A83CC13884): 3
LogDevObjectVersion:   Dev-LoadTimes (C2A15278-BFE7-4AFE-6C17-90FF531DF755): 1
LogDevObjectVersion:   Private-Geometry (6EACA3D4-40EC-4CC1-B786-8BED09428FC5): 3
LogDevObjectVersion:   Dev-AnimPhys (29E575DD-E0A3-4627-9D10-D276232CDCEA): 17
LogDevObjectVersion:   Dev-Anim (AF43A65D-7FD3-4947-9873-3E8ED9C1BB05): 15
LogDevObjectVersion:   Dev-ReflectionCapture (6B266CEC-1EC7-4B8F-A30B-E4D90942FC07): 1
LogDevObjectVersion:   Dev-Automation (0DF73D61-A23F-47EA-B727-89E90C41499A): 1
LogDevObjectVersion:   FortniteMain (601D1886-AC64-4F84-AA16-D3DE0DEAC7D6): 47
LogDevObjectVersion:   FortniteRelease (E7086368-6B23-4C58-8439-1B7016265E91): 1
LogDevObjectVersion:   Dev-Enterprise (9DFFBCD6-494F-0158-E221-12823C92A888): 10
LogDevObjectVersion:   Dev-Niagara (F2AED0AC-9AFE-416F-8664-AA7FFA26D6FC): 1
LogDevObjectVersion:   Dev-Destruction (174F1F0B-B4C6-45A5-B13F-2EE8D0FB917D): 10
LogDevObjectVersion:   Dev-Physics-Ext (35F94A83-E258-406C-A318-09F59610247C): 41
LogDevObjectVersion:   Dev-PhysicsMaterial-Chaos (B68FC16E-8B1B-42E2-B453-215C058844FE): 1
LogDevObjectVersion:   Dev-CineCamera (B2E18506-4273-CFC2-A54E-F4BB758BBA07): 1
LogDevObjectVersion:   Dev-VirtualProduction (64F58936-FD1B-42BA-BA96-7289D5D0FA4E): 1
LogDevObjectVersion:   Dev-MediaFramework (6F0ED827-A609-4895-9C91-998D90180EA4): 2
LogInit: Presizing for max 25165824 objects, including 0 objects not considered by GC, pre-allocating 0 bytes for permanent pool.
LogConfig: Applying CVar settings from Section [/Script/Engine.StreamingSettings] File [D:/gam305_team2_repo/Saved/Config/Windows/Engine.ini]
LogConfig: Setting CVar [[s.MinBulkDataSizeForAsyncLoading:131072]]
LogConfig: Setting CVar [[s.AsyncLoadingThreadEnabled:0]]
LogConfig: Setting CVar [[s.EventDrivenLoaderEnabled:1]]
LogConfig: Setting CVar [[s.WarnIfTimeLimitExceeded:0]]
LogConfig: Setting CVar [[s.TimeLimitExceededMultiplier:1.5]]
LogConfig: Setting CVar [[s.TimeLimitExceededMinTime:0.005]]
LogConfig: Setting CVar [[s.UseBackgroundLevelStreaming:1]]
LogConfig: Setting CVar [[s.PriorityAsyncLoadingExtraTime:15.0]]
LogConfig: Setting CVar [[s.LevelStreamingActorsUpdateTimeLimit:5.0]]
LogConfig: Setting CVar [[s.PriorityLevelStreamingActorsUpdateExtraTime:5.0]]
LogConfig: Setting CVar [[s.LevelStreamingComponentsRegistrationGranularity:10]]
LogConfig: Setting CVar [[s.UnregisterComponentsTimeLimit:1.0]]
LogConfig: Setting CVar [[s.LevelStreamingComponentsUnregistrationGranularity:5]]
LogConfig: Setting CVar [[s.FlushStreamingOnExit:1]]
LogInit: Object subsystem initialized
LogConfig: Setting CVar [[con.DebugEarlyDefault:1]]
LogConfig: Setting CVar [[r.setres:1280x720]]
[2024.02.01-02.09.18:732][  0]LogConfig: Setting CVar [[r.VSync:0]]
[2024.02.01-02.09.18:732][  0]LogConfig: Setting CVar [[r.RHICmdBypass:0]]
[2024.02.01-02.09.18:732][  0]LogConfig: Applying CVar settings from Section [/Script/Engine.RendererSettings] File [D:/gam305_team2_repo/Saved/Config/Windows/Engine.ini]
[2024.02.01-02.09.18:732][  0]LogConfig: Setting CVar [[r.GPUCrashDebugging:0]]
[2024.02.01-02.09.18:732][  0]LogConfig: Applying CVar settings from Section [/Script/Engine.RendererOverrideSettings] File [D:/gam305_team2_repo/Saved/Config/Windows/Engine.ini]
[2024.02.01-02.09.18:732][  0]LogConfig: Applying CVar settings from Section [/Script/Engine.StreamingSettings] File [D:/gam305_team2_repo/Saved/Config/Windows/Engine.ini]
[2024.02.01-02.09.18:732][  0]LogConfig: Setting CVar [[s.MinBulkDataSizeForAsyncLoading:131072]]
[2024.02.01-02.09.18:732][  0]LogConfig: Setting CVar [[s.AsyncLoadingThreadEnabled:0]]
[2024.02.01-02.09.18:732][  0]LogConfig: Setting CVar [[s.EventDrivenLoaderEnabled:1]]
[2024.02.01-02.09.18:732][  0]LogConfig: Setting CVar [[s.WarnIfTimeLimitExceeded:0]]
[2024.02.01-02.09.18:732][  0]LogConfig: Setting CVar [[s.TimeLimitExceededMultiplier:1.5]]
[2024.02.01-02.09.18:732][  0]LogConfig: Setting CVar [[s.TimeLimitExceededMinTime:0.005]]
[2024.02.01-02.09.18:732][  0]LogConfig: Setting CVar [[s.UseBackgroundLevelStreaming:1]]
[2024.02.01-02.09.18:732][  0]LogConfig: Setting CVar [[s.PriorityAsyncLoadingExtraTime:15.0]]
[2024.02.01-02.09.18:732][  0]LogConfig: Setting CVar [[s.LevelStreamingActorsUpdateTimeLimit:5.0]]
[2024.02.01-02.09.18:732][  0]LogConfig: Setting CVar [[s.PriorityLevelStreamingActorsUpdateExtraTime:5.0]]
[2024.02.01-02.09.18:732][  0]LogConfig: Setting CVar [[s.LevelStreamingComponentsRegistrationGranularity:10]]
[2024.02.01-02.09.18:732][  0]LogConfig: Setting CVar [[s.UnregisterComponentsTimeLimit:1.0]]
[2024.02.01-02.09.18:732][  0]LogConfig: Setting CVar [[s.LevelStreamingComponentsUnregistrationGranularity:5]]
[2024.02.01-02.09.18:732][  0]LogConfig: Setting CVar [[s.FlushStreamingOnExit:1]]
[2024.02.01-02.09.18:732][  0]LogConfig: Applying CVar settings from Section [/Script/Engine.GarbageCollectionSettings] File [D:/gam305_team2_repo/Saved/Config/Windows/Engine.ini]
[2024.02.01-02.09.18:732][  0]LogConfig: Setting CVar [[gc.MaxObjectsNotConsideredByGC:1]]
[2024.02.01-02.09.18:732][  0]LogConfig: Setting CVar [[gc.SizeOfPermanentObjectPool:0]]
[2024.02.01-02.09.18:732][  0]LogConfig: Setting CVar [[gc.FlushStreamingOnGC:0]]
[2024.02.01-02.09.18:732][  0]LogConfig: Setting CVar [[gc.NumRetriesBeforeForcingGC:10]]
[2024.02.01-02.09.18:732][  0]LogConfig: Setting CVar [[gc.AllowParallelGC:1]]
[2024.02.01-02.09.18:732][  0]LogConfig: Setting CVar [[gc.TimeBetweenPurgingPendingKillObjects:61.1]]
[2024.02.01-02.09.18:732][  0]LogConfig: Setting CVar [[gc.MaxObjectsInEditor:25165824]]
[2024.02.01-02.09.18:733][  0]LogConfig: Setting CVar [[gc.IncrementalBeginDestroyEnabled:1]]
[2024.02.01-02.09.18:733][  0]LogConfig: Setting CVar [[gc.CreateGCClusters:1]]
[2024.02.01-02.09.18:733][  0]LogConfig: Setting CVar [[gc.MinGCClusterSize:5]]
[2024.02.01-02.09.18:733][  0]LogConfig: Setting CVar [[gc.ActorClusteringEnabled:0]]
[2024.02.01-02.09.18:733][  0]LogConfig: Setting CVar [[gc.BlueprintClusteringEnabled:0]]
[2024.02.01-02.09.18:733][  0]LogConfig: Setting CVar [[gc.UseDisregardForGCOnDedicatedServers:0]]
[2024.02.01-02.09.18:733][  0]LogConfig: Setting CVar [[gc.MultithreadedDestructionEnabled:1]]
[2024.02.01-02.09.18:733][  0]LogConfig: Applying CVar settings from Section [/Script/Engine.NetworkSettings] File [D:/gam305_team2_repo/Saved/Config/Windows/Engine.ini]
[2024.02.01-02.09.18:733][  0]LogConfig: Applying CVar settings from Section [/Script/UnrealEd.CookerSettings] File [D:/gam305_team2_repo/Saved/Config/Windows/Engine.ini]
[2024.02.01-02.09.18:817][  0]LogConfig: Applying CVar settings from Section [ViewDistanceQuality@3] File [D:/gam305_team2_repo/Saved/Config/Windows/Scalability.ini]
[2024.02.01-02.09.18:817][  0]LogConfig: Setting CVar [[r.SkeletalMeshLODBias:0]]
[2024.02.01-02.09.18:817][  0]LogConfig: Setting CVar [[r.ViewDistanceScale:1.0]]
[2024.02.01-02.09.18:817][  0]LogConfig: Applying CVar settings from Section [AntiAliasingQuality@3] File [D:/gam305_team2_repo/Saved/Config/Windows/Scalability.ini]
[2024.02.01-02.09.18:817][  0]LogConfig: Setting CVar [[r.PostProcessAAQuality:4]]
[2024.02.01-02.09.18:817][  0]LogConfig: Applying CVar settings from Section [ShadowQuality@3] File [D:/gam305_team2_repo/Saved/Config/Windows/Scalability.ini]
[2024.02.01-02.09.18:817][  0]LogConfig: Setting CVar [[r.LightFunctionQuality:1]]
[2024.02.01-02.09.18:817][  0]LogConfig: Setting CVar [[r.ShadowQuality:5]]
[2024.02.01-02.09.18:817][  0]LogConfig: Setting CVar [[r.Shadow.CSM.MaxCascades:10]]
[2024.02.01-02.09.18:817][  0]LogConfig: Setting CVar [[r.Shadow.MaxResolution:2048]]
[2024.02.01-02.09.18:817][  0]LogConfig: Setting CVar [[r.Shadow.MaxCSMResolution:2048]]
[2024.02.01-02.09.18:817][  0]LogConfig: Setting CVar [[r.Shadow.RadiusThreshold:0.01]]
[2024.02.01-02.09.18:817][  0]LogConfig: Setting CVar [[r.Shadow.DistanceScale:1.0]]
[2024.02.01-02.09.18:817][  0]LogConfig: Setting CVar [[r.Shadow.CSM.TransitionScale:1.0]]
[2024.02.01-02.09.18:818][  0]LogConfig: Setting CVar [[r.Shadow.PreShadowResolutionFactor:1.0]]
[2024.02.01-02.09.18:818][  0]LogConfig: Setting CVar [[r.DistanceFieldShadowing:1]]
[2024.02.01-02.09.18:818][  0]LogConfig: Setting CVar [[r.DistanceFieldAO:1]]
[2024.02.01-02.09.18:818][  0]LogConfig: Setting CVar [[r.AOQuality:2]]
[2024.02.01-02.09.18:818][  0]LogConfig: Setting CVar [[r.VolumetricFog:1]]
[2024.02.01-02.09.18:818][  0]LogConfig: Setting CVar [[r.VolumetricFog.GridPixelSize:8]]
[2024.02.01-02.09.18:818][  0]LogConfig: Setting CVar [[r.VolumetricFog.GridSizeZ:128]]
[2024.02.01-02.09.18:818][  0]LogConfig: Setting CVar [[r.VolumetricFog.HistoryMissSupersampleCount:4]]
[2024.02.01-02.09.18:818][  0]LogConfig: Setting CVar [[r.LightMaxDrawDistanceScale:1]]
[2024.02.01-02.09.18:818][  0]LogConfig: Setting CVar [[r.CapsuleShadows:1]]
[2024.02.01-02.09.18:818][  0]LogConfig: Applying CVar settings from Section [PostProcessQuality@3] File [D:/gam305_team2_repo/Saved/Config/Windows/Scalability.ini]
[2024.02.01-02.09.18:818][  0]LogConfig: Setting CVar [[r.MotionBlurQuality:4]]
[2024.02.01-02.09.18:818][  0]LogConfig: Setting CVar [[r.AmbientOcclusionMipLevelFactor:0.4]]
[2024.02.01-02.09.18:818][  0]LogConfig: Setting CVar [[r.AmbientOcclusionMaxQuality:100]]
[2024.02.01-02.09.18:818][  0]LogConfig: Setting CVar [[r.AmbientOcclusionLevels:-1]]
[2024.02.01-02.09.18:818][  0]LogConfig: Setting CVar [[r.AmbientOcclusionRadiusScale:1.0]]
[2024.02.01-02.09.18:818][  0]LogConfig: Setting CVar [[r.DepthOfFieldQuality:2]]
[2024.02.01-02.09.18:818][  0]LogConfig: Setting CVar [[r.RenderTargetPoolMin:400]]
[2024.02.01-02.09.18:818][  0]LogConfig: Setting CVar [[r.LensFlareQuality:2]]
[2024.02.01-02.09.18:818][  0]LogConfig: Setting CVar [[r.SceneColorFringeQuality:1]]
[2024.02.01-02.09.18:818][  0]LogConfig: Setting CVar [[r.EyeAdaptationQuality:2]]
[2024.02.01-02.09.18:818][  0]LogConfig: Setting CVar [[r.BloomQuality:5]]
[2024.02.01-02.09.18:818][  0]LogConfig: Setting CVar [[r.FastBlurThreshold:100]]
[2024.02.01-02.09.18:818][  0]LogConfig: Setting CVar [[r.Upscale.Quality:3]]
[2024.02.01-02.09.18:818][  0]LogConfig: Setting CVar [[r.Tonemapper.GrainQuantization:1]]
[2024.02.01-02.09.18:818][  0]LogConfig: Setting CVar [[r.LightShaftQuality:1]]
[2024.02.01-02.09.18:818][  0]LogConfig: Setting CVar [[r.Filter.SizeScale:1]]
[2024.02.01-02.09.18:818][  0]LogConfig: Setting CVar [[r.Tonemapper.Quality:5]]
[2024.02.01-02.09.18:818][  0]LogConfig: Setting CVar [[r.DOF.Gather.AccumulatorQuality:1        ; higher gathering accumulator quality]]
[2024.02.01-02.09.18:818][  0]LogConfig: Setting CVar [[r.DOF.Gather.PostfilterMethod:1          ; Median3x3 postfilering method]]
[2024.02.01-02.09.18:818][  0]LogConfig: Setting CVar [[r.DOF.Gather.EnableBokehSettings:0       ; no bokeh simulation when gathering]]
[2024.02.01-02.09.18:818][  0]LogConfig: Setting CVar [[r.DOF.Gather.RingCount:4                 ; medium number of samples when gathering]]
[2024.02.01-02.09.18:818][  0]LogConfig: Setting CVar [[r.DOF.Scatter.ForegroundCompositing:1    ; additive foreground scattering]]
[2024.02.01-02.09.18:818][  0]LogConfig: Setting CVar [[r.DOF.Scatter.BackgroundCompositing:2    ; additive background scattering]]
[2024.02.01-02.09.18:818][  0]LogConfig: Setting CVar [[r.DOF.Scatter.EnableBokehSettings:1      ; bokeh simulation when scattering]]
[2024.02.01-02.09.18:818][  0]LogConfig: Setting CVar [[r.DOF.Scatter.MaxSpriteRatio:0.1         ; only a maximum of 10% of scattered bokeh]]
[2024.02.01-02.09.18:818][  0]LogConfig: Setting CVar [[r.DOF.Recombine.Quality:1                ; cheap slight out of focus]]
[2024.02.01-02.09.18:818][  0]LogConfig: Setting CVar [[r.DOF.Recombine.EnableBokehSettings:0    ; no bokeh simulation on slight out of focus]]
[2024.02.01-02.09.18:818][  0]LogConfig: Setting CVar [[r.DOF.TemporalAAQuality:1                ; more stable temporal accumulation]]
[2024.02.01-02.09.18:818][  0]LogConfig: Setting CVar [[r.DOF.Kernel.MaxForegroundRadius:0.025]]
[2024.02.01-02.09.18:818][  0]LogConfig: Setting CVar [[r.DOF.Kernel.MaxBackgroundRadius:0.025]]
[2024.02.01-02.09.18:818][  0]LogConfig: Applying CVar settings from Section [TextureQuality@3] File [D:/gam305_team2_repo/Saved/Config/Windows/Scalability.ini]
[2024.02.01-02.09.18:818][  0]LogConfig: Setting CVar [[r.Streaming.MipBias:0]]
[2024.02.01-02.09.18:818][  0]LogConfig: Setting CVar [[r.Streaming.AmortizeCPUToGPUCopy:0]]
[2024.02.01-02.09.18:818][  0]LogConfig: Setting CVar [[r.Streaming.MaxNumTexturesToStreamPerFrame:0]]
[2024.02.01-02.09.18:818][  0]LogConfig: Setting CVar [[r.Streaming.Boost:1]]
[2024.02.01-02.09.18:818][  0]LogConfig: Setting CVar [[r.MaxAnisotropy:8]]
[2024.02.01-02.09.18:818][  0]LogConfig: Setting CVar [[r.VT.MaxAnisotropy:8]]
[2024.02.01-02.09.18:818][  0]LogConfig: Setting CVar [[r.Streaming.LimitPoolSizeToVRAM:0]]
[2024.02.01-02.09.18:818][  0]LogConfig: Setting CVar [[r.Streaming.PoolSize:1000]]
[2024.02.01-02.09.18:818][  0]LogConfig: Setting CVar [[r.Streaming.MaxEffectiveScreenSize:0]]
[2024.02.01-02.09.18:818][  0]LogConfig: Applying CVar settings from Section [EffectsQuality@3] File [D:/gam305_team2_repo/Saved/Config/Windows/Scalability.ini]
[2024.02.01-02.09.18:818][  0]LogConfig: Setting CVar [[r.TranslucencyLightingVolumeDim:64]]
[2024.02.01-02.09.18:818][  0]LogConfig: Setting CVar [[r.RefractionQuality:2]]
[2024.02.01-02.09.18:818][  0]LogConfig: Setting CVar [[r.SSR.Quality:3]]
[2024.02.01-02.09.18:818][  0]LogConfig: Setting CVar [[r.SSR.HalfResSceneColor:0]]
[2024.02.01-02.09.18:818][  0]LogConfig: Setting CVar [[r.SceneColorFormat:4]]
[2024.02.01-02.09.18:818][  0]LogConfig: Setting CVar [[r.DetailMode:2]]
[2024.02.01-02.09.18:818][  0]LogConfig: Setting CVar [[r.TranslucencyVolumeBlur:1]]
[2024.02.01-02.09.18:818][  0]LogConfig: Setting CVar [[r.MaterialQualityLevel:1 ; High quality]]
[2024.02.01-02.09.18:818][  0]LogConfig: Setting CVar [[r.AnisotropicMaterials:1]]
[2024.02.01-02.09.18:818][  0]LogConfig: Setting CVar [[r.SSS.Scale:1]]
[2024.02.01-02.09.18:818][  0]LogConfig: Setting CVar [[r.SSS.SampleSet:2]]
[2024.02.01-02.09.18:818][  0]LogConfig: Setting CVar [[r.SSS.Quality:1]]
[2024.02.01-02.09.18:818][  0]LogConfig: Setting CVar [[r.SSS.HalfRes:0]]
[2024.02.01-02.09.18:818][  0]LogConfig: Setting CVar [[r.SSGI.Quality:3]]
[2024.02.01-02.09.18:818][  0]LogConfig: Setting CVar [[r.EmitterSpawnRateScale:1.0]]
[2024.02.01-02.09.18:818][  0]LogConfig: Setting CVar [[r.ParticleLightQuality:2]]
[2024.02.01-02.09.18:818][  0]LogConfig: Setting CVar [[r.SkyAtmosphere.AerialPerspectiveLUT.FastApplyOnOpaque:1 ; Always have FastSkyLUT 1 in this case to avoid wrong sky]]
[2024.02.01-02.09.18:818][  0]LogConfig: Setting CVar [[r.SkyAtmosphere.AerialPerspectiveLUT.SampleCountMaxPerSlice:4]]
[2024.02.01-02.09.18:818][  0]LogConfig: Setting CVar [[r.SkyAtmosphere.AerialPerspectiveLUT.DepthResolution:16.0]]
[2024.02.01-02.09.18:818][  0]LogConfig: Setting CVar [[r.SkyAtmosphere.FastSkyLUT:1]]
[2024.02.01-02.09.18:818][  0]LogConfig: Setting CVar [[r.SkyAtmosphere.FastSkyLUT.SampleCountMin:4.0]]
[2024.02.01-02.09.18:818][  0]LogConfig: Setting CVar [[r.SkyAtmosphere.FastSkyLUT.SampleCountMax:128.0]]
[2024.02.01-02.09.18:818][  0]LogConfig: Setting CVar [[r.SkyAtmosphere.SampleCountMin:4.0]]
[2024.02.01-02.09.18:819][  0]LogConfig: Setting CVar [[r.SkyAtmosphere.SampleCountMax:128.0]]
[2024.02.01-02.09.18:819][  0]LogConfig: Setting CVar [[r.SkyAtmosphere.TransmittanceLUT.UseSmallFormat:0]]
[2024.02.01-02.09.18:819][  0]LogConfig: Setting CVar [[r.SkyAtmosphere.TransmittanceLUT.SampleCount:10.0]]
[2024.02.01-02.09.18:819][  0]LogConfig: Setting CVar [[r.SkyAtmosphere.MultiScatteringLUT.SampleCount:15.0]]
[2024.02.01-02.09.18:819][  0]LogConfig: Setting CVar [[r.SkyLight.RealTimeReflectionCapture:1]]
[2024.02.01-02.09.18:819][  0]LogConfig: Applying CVar settings from Section [FoliageQuality@3] File [D:/gam305_team2_repo/Saved/Config/Windows/Scalability.ini]
[2024.02.01-02.09.18:819][  0]LogConfig: Setting CVar [[foliage.DensityScale:1.0]]
[2024.02.01-02.09.18:819][  0]LogConfig: Setting CVar [[grass.DensityScale:1.0]]
[2024.02.01-02.09.18:819][  0]LogConfig: Applying CVar settings from Section [ShadingQuality@3] File [D:/gam305_team2_repo/Saved/Config/Windows/Scalability.ini]
[2024.02.01-02.09.18:819][  0]LogConfig: Setting CVar [[r.HairStrands.SkyLighting.IntegrationType:2]]
[2024.02.01-02.09.18:819][  0]LogConfig: Setting CVar [[r.HairStrands.SkyAO.SampleCount:4]]
[2024.02.01-02.09.18:819][  0]LogConfig: Setting CVar [[r.HairStrands.Visibility.MSAA.SamplePerPixel:4]]
[2024.02.01-02.09.18:825][  0]LogInit: Selected Device Profile: [Windows]
[2024.02.01-02.09.18:831][  0]LogInit: Applying CVar settings loaded from the selected device profile: [Windows]
[2024.02.01-02.09.18:842][  0]LogHAL: Display: Platform has ~ 32 GB [34292240384 / 34359738368 / 32], which maps to Largest [LargestMinGB=32, LargerMinGB=12, DefaultMinGB=8, SmallerMinGB=6, SmallestMinGB=0)
[2024.02.01-02.09.18:842][  0]LogInit: Going up to parent DeviceProfile []
[2024.02.01-02.09.18:846][  0]LogConfig: Applying CVar settings from Section [ViewDistanceQuality@3] File [D:/gam305_team2_repo/Saved/Config/Windows/Scalability.ini]
[2024.02.01-02.09.18:846][  0]LogConfig: Setting CVar [[r.SkeletalMeshLODBias:0]]
[2024.02.01-02.09.18:846][  0]LogConfig: Setting CVar [[r.ViewDistanceScale:1.0]]
[2024.02.01-02.09.18:846][  0]LogConfig: Applying CVar settings from Section [AntiAliasingQuality@3] File [D:/gam305_team2_repo/Saved/Config/Windows/Scalability.ini]
[2024.02.01-02.09.18:846][  0]LogConfig: Setting CVar [[r.PostProcessAAQuality:4]]
[2024.02.01-02.09.18:846][  0]LogConfig: Applying CVar settings from Section [ShadowQuality@3] File [D:/gam305_team2_repo/Saved/Config/Windows/Scalability.ini]
[2024.02.01-02.09.18:846][  0]LogConfig: Setting CVar [[r.LightFunctionQuality:1]]
[2024.02.01-02.09.18:846][  0]LogConfig: Setting CVar [[r.ShadowQuality:5]]
[2024.02.01-02.09.18:846][  0]LogConfig: Setting CVar [[r.Shadow.CSM.MaxCascades:10]]
[2024.02.01-02.09.18:846][  0]LogConfig: Setting CVar [[r.Shadow.MaxResolution:2048]]
[2024.02.01-02.09.18:846][  0]LogConfig: Setting CVar [[r.Shadow.MaxCSMResolution:2048]]
[2024.02.01-02.09.18:846][  0]LogConfig: Setting CVar [[r.Shadow.RadiusThreshold:0.01]]
[2024.02.01-02.09.18:846][  0]LogConfig: Setting CVar [[r.Shadow.DistanceScale:1.0]]
[2024.02.01-02.09.18:846][  0]LogConfig: Setting CVar [[r.Shadow.CSM.TransitionScale:1.0]]
[2024.02.01-02.09.18:846][  0]LogConfig: Setting CVar [[r.Shadow.PreShadowResolutionFactor:1.0]]
[2024.02.01-02.09.18:846][  0]LogConfig: Setting CVar [[r.DistanceFieldShadowing:1]]
[2024.02.01-02.09.18:846][  0]LogConfig: Setting CVar [[r.DistanceFieldAO:1]]
[2024.02.01-02.09.18:846][  0]LogConfig: Setting CVar [[r.AOQuality:2]]
[2024.02.01-02.09.18:846][  0]LogConfig: Setting CVar [[r.VolumetricFog:1]]
[2024.02.01-02.09.18:846][  0]LogConfig: Setting CVar [[r.VolumetricFog.GridPixelSize:8]]
[2024.02.01-02.09.18:846][  0]LogConfig: Setting CVar [[r.VolumetricFog.GridSizeZ:128]]
[2024.02.01-02.09.18:846][  0]LogConfig: Setting CVar [[r.VolumetricFog.HistoryMissSupersampleCount:4]]
[2024.02.01-02.09.18:846][  0]LogConfig: Setting CVar [[r.LightMaxDrawDistanceScale:1]]
[2024.02.01-02.09.18:846][  0]LogConfig: Setting CVar [[r.CapsuleShadows:1]]
[2024.02.01-02.09.18:846][  0]LogConfig: Applying CVar settings from Section [PostProcessQuality@3] File [D:/gam305_team2_repo/Saved/Config/Windows/Scalability.ini]
[2024.02.01-02.09.18:846][  0]LogConfig: Setting CVar [[r.MotionBlurQuality:4]]
[2024.02.01-02.09.18:846][  0]LogConfig: Setting CVar [[r.AmbientOcclusionMipLevelFactor:0.4]]
[2024.02.01-02.09.18:846][  0]LogConfig: Setting CVar [[r.AmbientOcclusionMaxQuality:100]]
[2024.02.01-02.09.18:846][  0]LogConfig: Setting CVar [[r.AmbientOcclusionLevels:-1]]
[2024.02.01-02.09.18:846][  0]LogConfig: Setting CVar [[r.AmbientOcclusionRadiusScale:1.0]]
[2024.02.01-02.09.18:846][  0]LogConfig: Setting CVar [[r.DepthOfFieldQuality:2]]
[2024.02.01-02.09.18:846][  0]LogConfig: Setting CVar [[r.RenderTargetPoolMin:400]]
[2024.02.01-02.09.18:846][  0]LogConfig: Setting CVar [[r.LensFlareQuality:2]]
[2024.02.01-02.09.18:846][  0]LogConfig: Setting CVar [[r.SceneColorFringeQuality:1]]
[2024.02.01-02.09.18:846][  0]LogConfig: Setting CVar [[r.EyeAdaptationQuality:2]]
[2024.02.01-02.09.18:846][  0]LogConfig: Setting CVar [[r.BloomQuality:5]]
[2024.02.01-02.09.18:846][  0]LogConfig: Setting CVar [[r.FastBlurThreshold:100]]
[2024.02.01-02.09.18:846][  0]LogConfig: Setting CVar [[r.Upscale.Quality:3]]
[2024.02.01-02.09.18:846][  0]LogConfig: Setting CVar [[r.Tonemapper.GrainQuantization:1]]
[2024.02.01-02.09.18:846][  0]LogConfig: Setting CVar [[r.LightShaftQuality:1]]
[2024.02.01-02.09.18:846][  0]LogConfig: Setting CVar [[r.Filter.SizeScale:1]]
[2024.02.01-02.09.18:846][  0]LogConfig: Setting CVar [[r.Tonemapper.Quality:5]]
[2024.02.01-02.09.18:846][  0]LogConfig: Setting CVar [[r.DOF.Gather.AccumulatorQuality:1        ; higher gathering accumulator quality]]
[2024.02.01-02.09.18:846][  0]LogConfig: Setting CVar [[r.DOF.Gather.PostfilterMethod:1          ; Median3x3 postfilering method]]
[2024.02.01-02.09.18:846][  0]LogConfig: Setting CVar [[r.DOF.Gather.EnableBokehSettings:0       ; no bokeh simulation when gathering]]
[2024.02.01-02.09.18:846][  0]LogConfig: Setting CVar [[r.DOF.Gather.RingCount:4                 ; medium number of samples when gathering]]
[2024.02.01-02.09.18:846][  0]LogConfig: Setting CVar [[r.DOF.Scatter.ForegroundCompositing:1    ; additive foreground scattering]]
[2024.02.01-02.09.18:846][  0]LogConfig: Setting CVar [[r.DOF.Scatter.BackgroundCompositing:2    ; additive background scattering]]
[2024.02.01-02.09.18:846][  0]LogConfig: Setting CVar [[r.DOF.Scatter.EnableBokehSettings:1      ; bokeh simulation when scattering]]
[2024.02.01-02.09.18:846][  0]LogConfig: Setting CVar [[r.DOF.Scatter.MaxSpriteRatio:0.1         ; only a maximum of 10% of scattered bokeh]]
[2024.02.01-02.09.18:846][  0]LogConfig: Setting CVar [[r.DOF.Recombine.Quality:1                ; cheap slight out of focus]]
[2024.02.01-02.09.18:846][  0]LogConfig: Setting CVar [[r.DOF.Recombine.EnableBokehSettings:0    ; no bokeh simulation on slight out of focus]]
[2024.02.01-02.09.18:846][  0]LogConfig: Setting CVar [[r.DOF.TemporalAAQuality:1                ; more stable temporal accumulation]]
[2024.02.01-02.09.18:846][  0]LogConfig: Setting CVar [[r.DOF.Kernel.MaxForegroundRadius:0.025]]
[2024.02.01-02.09.18:846][  0]LogConfig: Setting CVar [[r.DOF.Kernel.MaxBackgroundRadius:0.025]]
[2024.02.01-02.09.18:846][  0]LogConfig: Applying CVar settings from Section [TextureQuality@3] File [D:/gam305_team2_repo/Saved/Config/Windows/Scalability.ini]
[2024.02.01-02.09.18:846][  0]LogConfig: Setting CVar [[r.Streaming.MipBias:0]]
[2024.02.01-02.09.18:846][  0]LogConfig: Setting CVar [[r.Streaming.AmortizeCPUToGPUCopy:0]]
[2024.02.01-02.09.18:846][  0]LogConfig: Setting CVar [[r.Streaming.MaxNumTexturesToStreamPerFrame:0]]
[2024.02.01-02.09.18:846][  0]LogConfig: Setting CVar [[r.Streaming.Boost:1]]
[2024.02.01-02.09.18:846][  0]LogConfig: Setting CVar [[r.MaxAnisotropy:8]]
[2024.02.01-02.09.18:847][  0]LogConfig: Setting CVar [[r.VT.MaxAnisotropy:8]]
[2024.02.01-02.09.18:847][  0]LogConfig: Setting CVar [[r.Streaming.LimitPoolSizeToVRAM:0]]
[2024.02.01-02.09.18:847][  0]LogConfig: Setting CVar [[r.Streaming.PoolSize:1000]]
[2024.02.01-02.09.18:847][  0]LogConfig: Setting CVar [[r.Streaming.MaxEffectiveScreenSize:0]]
[2024.02.01-02.09.18:847][  0]LogConfig: Applying CVar settings from Section [EffectsQuality@3] File [D:/gam305_team2_repo/Saved/Config/Windows/Scalability.ini]
[2024.02.01-02.09.18:847][  0]LogConfig: Setting CVar [[r.TranslucencyLightingVolumeDim:64]]
[2024.02.01-02.09.18:847][  0]LogConfig: Setting CVar [[r.RefractionQuality:2]]
[2024.02.01-02.09.18:847][  0]LogConfig: Setting CVar [[r.SSR.Quality:3]]
[2024.02.01-02.09.18:847][  0]LogConfig: Setting CVar [[r.SSR.HalfResSceneColor:0]]
[2024.02.01-02.09.18:847][  0]LogConfig: Setting CVar [[r.SceneColorFormat:4]]
[2024.02.01-02.09.18:847][  0]LogConfig: Setting CVar [[r.DetailMode:2]]
[2024.02.01-02.09.18:847][  0]LogConfig: Setting CVar [[r.TranslucencyVolumeBlur:1]]
[2024.02.01-02.09.18:847][  0]LogConfig: Setting CVar [[r.MaterialQualityLevel:1 ; High quality]]
[2024.02.01-02.09.18:847][  0]LogConfig: Setting CVar [[r.AnisotropicMaterials:1]]
[2024.02.01-02.09.18:847][  0]LogConfig: Setting CVar [[r.SSS.Scale:1]]
[2024.02.01-02.09.18:847][  0]LogConfig: Setting CVar [[r.SSS.SampleSet:2]]
[2024.02.01-02.09.18:847][  0]LogConfig: Setting CVar [[r.SSS.Quality:1]]
[2024.02.01-02.09.18:847][  0]LogConfig: Setting CVar [[r.SSS.HalfRes:0]]
[2024.02.01-02.09.18:847][  0]LogConfig: Setting CVar [[r.SSGI.Quality:3]]
[2024.02.01-02.09.18:847][  0]LogConfig: Setting CVar [[r.EmitterSpawnRateScale:1.0]]
[2024.02.01-02.09.18:847][  0]LogConfig: Setting CVar [[r.ParticleLightQuality:2]]
[2024.02.01-02.09.18:847][  0]LogConfig: Setting CVar [[r.SkyAtmosphere.AerialPerspectiveLUT.FastApplyOnOpaque:1 ; Always have FastSkyLUT 1 in this case to avoid wrong sky]]
[2024.02.01-02.09.18:847][  0]LogConfig: Setting CVar [[r.SkyAtmosphere.AerialPerspectiveLUT.SampleCountMaxPerSlice:4]]
[2024.02.01-02.09.18:847][  0]LogConfig: Setting CVar [[r.SkyAtmosphere.AerialPerspectiveLUT.DepthResolution:16.0]]
[2024.02.01-02.09.18:847][  0]LogConfig: Setting CVar [[r.SkyAtmosphere.FastSkyLUT:1]]
[2024.02.01-02.09.18:847][  0]LogConfig: Setting CVar [[r.SkyAtmosphere.FastSkyLUT.SampleCountMin:4.0]]
[2024.02.01-02.09.18:847][  0]LogConfig: Setting CVar [[r.SkyAtmosphere.FastSkyLUT.SampleCountMax:128.0]]
[2024.02.01-02.09.18:847][  0]LogConfig: Setting CVar [[r.SkyAtmosphere.SampleCountMin:4.0]]
[2024.02.01-02.09.18:847][  0]LogConfig: Setting CVar [[r.SkyAtmosphere.SampleCountMax:128.0]]
[2024.02.01-02.09.18:847][  0]LogConfig: Setting CVar [[r.SkyAtmosphere.TransmittanceLUT.UseSmallFormat:0]]
[2024.02.01-02.09.18:847][  0]LogConfig: Setting CVar [[r.SkyAtmosphere.TransmittanceLUT.SampleCount:10.0]]
[2024.02.01-02.09.18:847][  0]LogConfig: Setting CVar [[r.SkyAtmosphere.MultiScatteringLUT.SampleCount:15.0]]
[2024.02.01-02.09.18:847][  0]LogConfig: Setting CVar [[r.SkyLight.RealTimeReflectionCapture:1]]
[2024.02.01-02.09.18:847][  0]LogConfig: Applying CVar settings from Section [FoliageQuality@3] File [D:/gam305_team2_repo/Saved/Config/Windows/Scalability.ini]
[2024.02.01-02.09.18:847][  0]LogConfig: Setting CVar [[foliage.DensityScale:1.0]]
[2024.02.01-02.09.18:847][  0]LogConfig: Setting CVar [[grass.DensityScale:1.0]]
[2024.02.01-02.09.18:847][  0]LogConfig: Applying CVar settings from Section [ShadingQuality@3] File [D:/gam305_team2_repo/Saved/Config/Windows/Scalability.ini]
[2024.02.01-02.09.18:847][  0]LogConfig: Setting CVar [[r.HairStrands.SkyLighting.IntegrationType:2]]
[2024.02.01-02.09.18:847][  0]LogConfig: Setting CVar [[r.HairStrands.SkyAO.SampleCount:4]]
[2024.02.01-02.09.18:847][  0]LogConfig: Setting CVar [[r.HairStrands.Visibility.MSAA.SamplePerPixel:4]]
[2024.02.01-02.09.18:847][  0]LogConfig: Applying CVar settings from Section [Startup] File [../../../Engine/Config/ConsoleVariables.ini]
[2024.02.01-02.09.18:861][  0]LogConfig: Setting CVar [[net.UseAdaptiveNetUpdateFrequency:0]]
[2024.02.01-02.09.18:861][  0]LogConfig: Setting CVar [[p.chaos.AllowCreatePhysxBodies:1]]
[2024.02.01-02.09.18:861][  0]LogConfig: Setting CVar [[fx.SkipVectorVMBackendOptimizations:1]]
[2024.02.01-02.09.18:861][  0]LogConfig: Applying CVar settings from Section [ConsoleVariables] File [D:/gam305_team2_repo/Saved/Config/Windows/Engine.ini]
[2024.02.01-02.09.18:861][  0]LogConfig: Applying CVar settings from Section [ConsoleVariables] File [D:/gam305_team2_repo/Saved/Config/Windows/Editor.ini]
[2024.02.01-02.09.18:872][  0]LogInit: Computer: MADISON-PC
[2024.02.01-02.09.18:872][  0]LogInit: User: MadisonPC
[2024.02.01-02.09.18:872][  0]LogInit: CPU Page size=4096, Cores=8
[2024.02.01-02.09.18:872][  0]LogInit: High frequency timer resolution =10.000000 MHz
[2024.02.01-02.09.18:872][  0]LogMemory: Memory total: Physical=31.9GB (32GB approx)
[2024.02.01-02.09.18:872][  0]LogMemory: Platform Memory Stats for Windows
[2024.02.01-02.09.18:872][  0]LogMemory: Process Physical Memory: 148.88 MB used, 153.19 MB peak
[2024.02.01-02.09.18:872][  0]LogMemory: Process Virtual Memory: 136.09 MB used, 136.09 MB peak
[2024.02.01-02.09.18:872][  0]LogMemory: Physical Memory: 7801.40 MB used,  24902.23 MB free, 32703.63 MB total
[2024.02.01-02.09.18:872][  0]LogMemory: Virtual Memory: 134192664.00 MB used,  25063.07 MB free, 134217728.00 MB total
[2024.02.01-02.09.18:878][  0]LogWindows: WindowsPlatformFeatures enabled
[2024.02.01-02.09.19:839][  0]LogInit: Physics initialised using underlying interface: PhysX
[2024.02.01-02.09.19:865][  0]LogInit: Using OS detected language (en-US).
[2024.02.01-02.09.19:865][  0]LogInit: Using OS detected locale (en-US).
[2024.02.01-02.09.19:955][  0]LogTextLocalizationManager: No specific localization for 'en-US' exists, so the 'en' localization will be used.
[2024.02.01-02.09.20:511][  0]LogInit: Setting process to per monitor DPI aware
[2024.02.01-02.09.20:775][  0]LogWindowsTextInputMethodSystem: Display: IME system deactivated.
[2024.02.01-02.09.21:222][  0]LogSlate: New Slate User Created.  User Index 0, Is Virtual User: 0
[2024.02.01-02.09.21:222][  0]LogSlate: Slate User Registered.  User Index 0, Is Virtual User: 0
[2024.02.01-02.09.25:418][  0]LogD3D11RHI: Loaded GFSDK_Aftermath_Lib.x64.dll
[2024.02.01-02.09.25:432][  0]LogHMD: Failed to initialize OpenVR with code 110
[2024.02.01-02.09.25:432][  0]LogD3D11RHI: D3D11 min allowed feature level: 11_0
[2024.02.01-02.09.25:432][  0]LogD3D11RHI: D3D11 max allowed feature level: 11_0
[2024.02.01-02.09.25:432][  0]LogD3D11RHI: D3D11 adapters:
[2024.02.01-02.09.25:559][  0]LogD3D11RHI:    0. 'NVIDIA GeForce GTX 1070 Ti' (Feature Level 11_0)
[2024.02.01-02.09.25:559][  0]LogD3D11RHI:       8073/0/16351 MB DedicatedVideo/DedicatedSystem/SharedSystem, Outputs:2, VendorId:0x10de
[2024.02.01-02.09.25:561][  0]LogD3D11RHI:    1. 'Microsoft Basic Render Driver' (Feature Level 11_0)
[2024.02.01-02.09.25:561][  0]LogD3D11RHI:       0/0/16351 MB DedicatedVideo/DedicatedSystem/SharedSystem, Outputs:0, VendorId:0x1414
[2024.02.01-02.09.25:561][  0]LogD3D11RHI: Chosen D3D11 Adapter:
[2024.02.01-02.09.25:561][  0]LogD3D11RHI:     Description : NVIDIA GeForce GTX 1070 Ti
[2024.02.01-02.09.25:561][  0]LogD3D11RHI:     VendorId    : 10de
[2024.02.01-02.09.25:561][  0]LogD3D11RHI:     DeviceId    : 1b82
[2024.02.01-02.09.25:561][  0]LogD3D11RHI:     SubSysId    : c3031462
[2024.02.01-02.09.25:561][  0]LogD3D11RHI:     Revision    : 00a1
[2024.02.01-02.09.25:561][  0]LogD3D11RHI:     DedicatedVideoMemory : 8465154048 bytes
[2024.02.01-02.09.25:561][  0]LogD3D11RHI:     DedicatedSystemMemory : 0 bytes
[2024.02.01-02.09.25:561][  0]LogD3D11RHI:     SharedSystemMemory : 17146120192 bytes
[2024.02.01-02.09.25:561][  0]LogD3D11RHI:     AdapterLuid : 0 62377
[2024.02.01-02.09.25:566][  0]LogD3D11RHI: Creating new Direct3DDevice
[2024.02.01-02.09.25:567][  0]LogD3D11RHI:     GPU DeviceId: 0x1b82 (for the marketing name, search the web for "GPU Device Id")
[2024.02.01-02.09.25:567][  0]LogWindows: EnumDisplayDevices:
[2024.02.01-02.09.25:567][  0]LogWindows:    0. 'NVIDIA GeForce GTX 1070 Ti' (P:0 D:1)
[2024.02.01-02.09.25:567][  0]LogWindows:    1. 'NVIDIA GeForce GTX 1070 Ti' (P:1 D:1)
[2024.02.01-02.09.25:567][  0]LogWindows:    2. 'NVIDIA GeForce GTX 1070 Ti' (P:0 D:0)
[2024.02.01-02.09.25:567][  0]LogWindows:    3. 'NVIDIA GeForce GTX 1070 Ti' (P:0 D:0)
[2024.02.01-02.09.25:568][  0]LogWindows: DebugString: FoundDriverCount:4 
[2024.02.01-02.09.25:568][  0]LogD3D11RHI:     Adapter Name: NVIDIA GeForce GTX 1070 Ti
[2024.02.01-02.09.25:568][  0]LogD3D11RHI:   Driver Version: 546.65 (internal:31.0.15.4665, unified:546.65)
[2024.02.01-02.09.25:568][  0]LogD3D11RHI:      Driver Date: 1-12-2024
[2024.02.01-02.09.25:568][  0]LogRHI: Texture pool is 5651 MB (70% of 8073 MB)
[2024.02.01-02.09.25:568][  0]LogD3D11RHI: Creating D3DDevice using adapter:
[2024.02.01-02.09.25:568][  0]LogD3D11RHI:     Description : NVIDIA GeForce GTX 1070 Ti
[2024.02.01-02.09.25:568][  0]LogD3D11RHI:     VendorId    : 10de
[2024.02.01-02.09.25:568][  0]LogD3D11RHI:     DeviceId    : 1b82
[2024.02.01-02.09.25:568][  0]LogD3D11RHI:     SubSysId    : c3031462
[2024.02.01-02.09.25:568][  0]LogD3D11RHI:     Revision    : 00a1
[2024.02.01-02.09.25:568][  0]LogD3D11RHI:     DedicatedVideoMemory : 8465154048 bytes
[2024.02.01-02.09.25:568][  0]LogD3D11RHI:     DedicatedSystemMemory : 0 bytes
[2024.02.01-02.09.25:568][  0]LogD3D11RHI:     SharedSystemMemory : 17146120192 bytes
[2024.02.01-02.09.25:568][  0]LogD3D11RHI:     AdapterLuid : 0 62377
[2024.02.01-02.09.25:644][  0]LogD3D11RHI: RHI has support for 64 bit atomics
[2024.02.01-02.09.25:644][  0]LogD3D11RHI: Async texture creation enabled
[2024.02.01-02.09.25:644][  0]LogD3D11RHI: Array index from any shader is supported
[2024.02.01-02.09.26:085][  0]LogD3D11RHI: GPU Timing Frequency: 1000.000000 (Debug: 2 1)
[2024.02.01-02.09.26:346][  0]LogRHI: GeForceNow SDK initialized: 1
[2024.02.01-02.09.27:596][  0]LogTargetPlatformManager: Display: Loaded TargetPlatform 'AllDesktop'
[2024.02.01-02.09.27:668][  0]LogTargetPlatformManager: Display: Loaded TargetPlatform 'Android'
[2024.02.01-02.09.27:668][  0]LogTargetPlatformManager: Display: Loaded TargetPlatform 'Android_ASTC'
[2024.02.01-02.09.27:668][  0]LogTargetPlatformManager: Display: Loaded TargetPlatform 'Android_DXT'
[2024.02.01-02.09.27:668][  0]LogTargetPlatformManager: Display: Loaded TargetPlatform 'Android_ETC2'
[2024.02.01-02.09.27:668][  0]LogTargetPlatformManager: Display: Loaded TargetPlatform 'AndroidClient'
[2024.02.01-02.09.27:668][  0]LogTargetPlatformManager: Display: Loaded TargetPlatform 'Android_ASTCClient'
[2024.02.01-02.09.27:668][  0]LogTargetPlatformManager: Display: Loaded TargetPlatform 'Android_DXTClient'
[2024.02.01-02.09.27:668][  0]LogTargetPlatformManager: Display: Loaded TargetPlatform 'Android_ETC2Client'
[2024.02.01-02.09.27:668][  0]LogTargetPlatformManager: Display: Loaded TargetPlatform 'Android_Multi'
[2024.02.01-02.09.27:668][  0]LogTargetPlatformManager: Display: Loaded TargetPlatform 'Android_MultiClient'
[2024.02.01-02.09.27:783][  0]LogTargetPlatformManager: Display: Loaded TargetPlatform 'IOSClient'
[2024.02.01-02.09.27:783][  0]LogTargetPlatformManager: Display: Loaded TargetPlatform 'IOS'
[2024.02.01-02.09.27:843][  0]LogTargetPlatformManager: Display: Loaded TargetPlatform 'Linux'
[2024.02.01-02.09.27:903][  0]LogTargetPlatformManager: Display: Loaded TargetPlatform 'LinuxNoEditor'
[2024.02.01-02.09.27:947][  0]LogTargetPlatformManager: Display: Loaded TargetPlatform 'LinuxClient'
[2024.02.01-02.09.27:969][  0]LogTargetPlatformManager: Display: Loaded TargetPlatform 'LinuxServer'
[2024.02.01-02.09.28:007][  0]LogTargetPlatformManager: Display: Loaded TargetPlatform 'LinuxAArch64NoEditor'
[2024.02.01-02.09.28:048][  0]LogTargetPlatformManager: Display: Loaded TargetPlatform 'LinuxAArch64Client'
[2024.02.01-02.09.28:085][  0]LogTargetPlatformManager: Display: Loaded TargetPlatform 'LinuxAArch64Server'
[2024.02.01-02.09.28:160][  0]LogTargetPlatformManager: Display: Loaded TargetPlatform 'Lumin'
[2024.02.01-02.09.28:160][  0]LogTargetPlatformManager: Display: Loaded TargetPlatform 'LuminClient'
[2024.02.01-02.09.28:223][  0]LogTargetPlatformManager: Display: Loaded TargetPlatform 'MacNoEditor'
[2024.02.01-02.09.28:246][  0]LogTargetPlatformManager: Display: Loaded TargetPlatform 'Mac'
[2024.02.01-02.09.28:278][  0]LogTargetPlatformManager: Display: Loaded TargetPlatform 'MacClient'
[2024.02.01-02.09.28:314][  0]LogTargetPlatformManager: Display: Loaded TargetPlatform 'MacServer'
[2024.02.01-02.09.28:340][  0]LogTargetPlatformManager: Display: Loaded TargetPlatform 'TVOSClient'
[2024.02.01-02.09.28:340][  0]LogTargetPlatformManager: Display: Loaded TargetPlatform 'TVOS'
[2024.02.01-02.09.28:411][  0]LogTargetPlatformManager: Display: Loaded TargetPlatform 'WindowsNoEditor'
[2024.02.01-02.09.28:450][  0]LogTargetPlatformManager: Display: Loaded TargetPlatform 'Windows'
[2024.02.01-02.09.28:471][  0]LogTargetPlatformManager: Display: Loaded TargetPlatform 'WindowsClient'
[2024.02.01-02.09.28:493][  0]LogTargetPlatformManager: Display: Loaded TargetPlatform 'WindowsServer'
[2024.02.01-02.09.28:493][  0]LogTargetPlatformManager: Display: Building Assets For Windows
[2024.02.01-02.09.28:756][  0]LogAudioDebug: Display: Lib vorbis DLL was dynamically loaded.
[2024.02.01-02.09.29:360][  0]LogTextureFormatOodle: Display: Oodle Texture 2.9.0 init RDO Off
[2024.02.01-02.09.30:637][  0]LogRendererCore: Ray tracing is disabled. Reason: r.RayTracing=0.
[2024.02.01-02.09.30:665][  0]LogShaderCompilers: Guid format shader working directory is 16 characters bigger than the processId version (../../../../../../gam305_team2_repo/Intermediate/Shaders/WorkingDirectory/6080/).
[2024.02.01-02.09.30:666][  0]LogShaderCompilers: Cleaned the shader compiler working directory 'C:/Users/Madison_PC/AppData/Local/Temp/UnrealShaderWorkingDir/B935224E43A3941E1768F095C6C69307/'.
[2024.02.01-02.09.30:677][  0]LogShaderCompilers: Display: Using XGE Controller for Shader Compilation.
[2024.02.01-02.09.38:686][  0]LogDerivedDataCache: Display: Max Cache Size: 512 MB
[2024.02.01-02.09.38:943][  0]LogDerivedDataCache: Loaded boot cache 0.26s 111MB C:/Users/Madison_PC/AppData/Local/UnrealEngine/4.27/DerivedDataCache/Boot.ddc.
[2024.02.01-02.09.38:943][  0]LogDerivedDataCache: Display: Loaded Boot cache: C:/Users/Madison_PC/AppData/Local/UnrealEngine/4.27/DerivedDataCache/Boot.ddc
[2024.02.01-02.09.38:943][  0]LogDerivedDataCache: FDerivedDataBackendGraph:  Pak pak cache file ../../../../../../gam305_team2_repo/DerivedDataCache/DDC.ddp not found, will not use a pak cache.
[2024.02.01-02.09.38:943][  0]LogDerivedDataCache: Unable to find inner node Pak for hierarchical cache Hierarchy.
[2024.02.01-02.09.38:943][  0]LogDerivedDataCache: FDerivedDataBackendGraph:  CompressedPak pak cache file ../../../../../../gam305_team2_repo/DerivedDataCache/Compressed.ddp not found, will not use a pak cache.
[2024.02.01-02.09.38:943][  0]LogDerivedDataCache: Unable to find inner node CompressedPak for hierarchical cache Hierarchy.
[2024.02.01-02.09.39:050][  0]LogDerivedDataCache: Display: Pak cache opened for reading ../../../Engine/DerivedDataCache/Compressed.ddp.
[2024.02.01-02.09.39:050][  0]LogDerivedDataCache: FDerivedDataBackendGraph:  EnterprisePak pak cache file ../../../Enterprise/DerivedDataCache/Compressed.ddp not found, will not use a pak cache.
[2024.02.01-02.09.39:050][  0]LogDerivedDataCache: Unable to find inner node EnterprisePak for hierarchical cache Hierarchy.
[2024.02.01-02.09.39:104][  0]LogDerivedDataCache: Speed tests for C:/Users/Madison_PC/AppData/Local/UnrealEngine/Common/DerivedDataCache took 0.05 seconds
[2024.02.01-02.09.39:104][  0]LogDerivedDataCache: Display: Performance to C:/Users/Madison_PC/AppData/Local/UnrealEngine/Common/DerivedDataCache: Latency=0.40ms. RandomReadSpeed=21.63MBs, RandomWriteSpeed=154.18MBs. Assigned SpeedClass 'Local'
[2024.02.01-02.09.39:104][  0]LogDerivedDataCache: Using Local data cache path C:/Users/Madison_PC/AppData/Local/UnrealEngine/Common/DerivedDataCache: Writable
[2024.02.01-02.09.39:104][  0]LogDerivedDataCache: Shared data cache path not found in *engine.ini, will not use an Shared cache.
[2024.02.01-02.09.39:104][  0]LogDerivedDataCache: Unable to find inner node Shared for hierarchical cache Hierarchy.
[2024.02.01-02.09.39:262][  0]LogSlate: Using FreeType 2.10.0
[2024.02.01-02.09.39:397][  0]LogSlate: SlateFontServices - WITH_FREETYPE: 1, WITH_HARFBUZZ: 1
[2024.02.01-02.09.40:409][  0]LogAssetRegistry: FAssetRegistry took 0.0330 seconds to start up
[2024.02.01-02.09.46:560][  0]LogInit: Selected Device Profile: [Windows]
[2024.02.01-02.09.46:561][  0]LogInit: Active device profile: [0000022495146D00][0000022491E65440 49] Windows
[2024.02.01-02.09.46:561][  0]LogInit: Profiles: [0000022495146D00][0000022491E65440 49] Windows, [00000224950F1B00][00000224948F35C0 49] WindowsNoEditor, [0000022495146000][00000224948F7740 49] WindowsServer, [00000224950F2700][00000224948FB8C0 49] WindowsClient, [0000022495145A00][000002248D7E5A40 49] IOS, [00000224950F1500][000002248D7E9BC0 49] iPadAir, [0000022495147000][000002248D7EC1C0 49] iPadAir2, [0000022495095100][000002248D7F4480 49] IPadPro, [0000022495095200][000002248D7F04C0 49] iPadAir3, [00000224950F3400][00000224948EE600 49] iPadAir4, [0000022495095F00][000002248D7F8740 49] iPadMini2, [00000224950F1900][000002248D7FC880 49] iPadMini3, [0000022495096A00][000002248D8009C0 49] iPadMini4, [00000224950F3300][000002248D808B40 49] iPadMini5, [000002249509CB00][000002248D810E00 49] iPhone6, [000002249509CC00][000002248D80CE40 49] iPodTouch6, [0000022495144700][000002248DAB1100 49] iPhone7, [0000022495144500][000002248D815140 49] iPodTouch7, [0000022495097B00][000002248DAB52C0 49] iPhone5S, [000002249509C100][000002248DAB9440 49] iPhone6Plus, [0000022495146C00][000002248DABD5C0 49] iPhone6S, [000002249509D400][000002248DAC1740 49] iPhone6SPlus, [0000022495097200][000002248DAC58C0 49] iPhone7Plus, [000002249509EB00][000002248DAC9A40 49] iPhoneSE, [0000022495096E00][000002248DACDBC0 49] iPhone8, [000002249509FA00][000002248DAD01C0 49] iPhone8Plus, [0000022495097A00][000002248DAD4340 49] iPhoneX, [000002249509DD00][000002248DAD84C0 49] iPhoneXS, [0000022495097700][000002248DADC640 49] iPhoneXSMax, [000002249509F500][000002248D804780 49] iPhoneXR, [0000022495094B00][000002248DAE08C0 49] iPhone11, [000002249509E200][000002248DAE4A00 49] iPhone11Pro, [0000022495096000][0000022495BB0B40 49] iPhone11ProMax, [000002249509D300][0000022495BB8CC0 49] iPhoneSE2, [0000022495095400][0000022495BBCE40 49] iPhone12Mini, [000002249509FE00][0000022495BC0FC0 49] iPhone12, [0000022495094600][0000022495BC5140 49] iPhone12Pro, [000002249509D900][0000022495BC92C0 49] iPhone12ProMax, [0000022495095900][0000022495BCD440 49] iPadPro105, [000002249509F200][0000022495BD15C0 49] iPadPro129, [0000022495094A00][0000022495BD5740 49] iPadPro97, [000002249509EA00][0000022495BD98C0 49] iPadPro2_129, [0000022495095C00][0000022495BDDA40 49] iPad5, [000002249509CD00][0000022495BE1BC0 49] iPad6, [0000022495096F00][0000022495BE41C0 49] iPad7, [000002249509FD00][0000022495BE8340 49] iPad8, [0000022495094D00][0000022495BEC4C0 49] iPadPro11, [000002249509CA00][0000022495BF0640 49] iPadPro2_11, [0000022495096700][0000022495BF47C0 49] iPadPro3_129, [000002249509E300][0000022495BF8940 49] iPadPro4_129, [0000022495095300][0000022495BB4A80 49] AppleTV, [000002249509F900][0000022495BFCBC0 49] AppleTV4K, [0000022495096C00][0000022495C00D00 49] TVOS, [000002249509DB00][0000022495C08E80 49] Mac, [0000022495094E00][0000022495C0D000 49] MacClient, [000002249509DE00][0000022495C11180 49] MacNoEditor, [0000022495097C00][0000022495C15300 49] MacServer, [000002249509E900][0000022495C19480 49] Linux, [0000022495096500][0000022495C1D600 49] LinuxAArch64, [000002249509EE00][0000022495C21780 49] LinuxNoEditor, [0000022495094100][0000022495C25900 49] LinuxAArch64NoEditor, [000002249509FC00][0000022495C29A80 49] LinuxClient, [0000022495095E00][0000022495C2DC00 49] LinuxAArch64Client, [000002249509C700][0000022495C30200 49] LinuxServer, [0000022495094400][0000022495C34380 49] LinuxAArch64Server, [000002249509E600][0000022495C38500 49] Android, [0000022495095600][0000022495C3C680 49] Android_Low, [000002249509F300][0000022495C40800 49] Android_Mid, [0000022495095000][0000022495C44980 49] Android_High, [000002249509E500][0000022495C48B00 49] Android_Default, [0000022495094800][0000022495C04C40 49] Android_Adreno4xx, [000002249509F600][0000022495C4CD80 49] Android_Adreno5xx_Low, [0000022495097400][0000022495C50EC0 49] Android_Adreno5xx, [000002249509C900][0000022495C59040 49] Android_Adreno6xx, [00000224950F3500][0000022495C5D1C0 49] Android_Adreno6xx_Vulkan, [0000022495144C00][0000022495C61340 49] Android_Mali_T6xx, [00000224950F1C00][0000022495C654C0 49] Android_Mali_T7xx, [0000022495144A00][0000022495C69640 49] Android_Mali_T8xx, [00000224950F3F00][0000022495C6D7C0 49] Android_Mali_G71, [0000022495146F00][0000022495C71940 49] Android_Mali_G72, [00000224950F0500][0000022495C75AC0 49] Android_Mali_G72_Vulkan, [0000022495146300][0000022495C780C0 49] Android_Mali_G76, [00000224950F3E00][0000022495C7C240 49] Android_Mali_G76_Vulkan, [0000022495145700][0000022495C803C0 49] Android_Mali_G77, [00000224950F3000][0000022495C84540 49] Android_Mali_G77_Vulkan, [0000022495145800][0000022495C886C0 49] Android_Mali_G78, [00000224950F1600][0000022495C8C840 49] Android_Mali_G78_Vulkan, [0000022495144100][0000022495C909C0 49] Android_Mali_G710, [00000224950F3100][0000022495C94B40 49] Android_Mali_G710_Vulkan, [0000022495147500][0000022495C98CC0 49] Android_Vulkan_SM5, [00000224950F2600][0000022495C54E00 49] Android_PowerVR_G6xxx, [0000022495145C00][0000022495C9CF40 49] Android_PowerVR_GT7xxx, [00000224950F0700][0000022495CA1080 49] Android_PowerVR_GE8xxx, [0000022495147400][0000022495CA51C0 49] Android_PowerVR_GM9xxx, [00000224950F2200][0000022495CAD340 49] Android_PowerVR_GM9xxx_Vulkan, [0000022495144600][0000022495CB14C0 49] Android_TegraK1, [00000224950F3800][0000022495CB5640 49] Android_Unknown_Vulkan, [0000022495145E00][0000022495CB97C0 49] Lumin, [000002249509E400][0000022495CBD940 49] Lumin_Desktop, [0000022495147900][0000022495CC1AC0 49] HoloLens, 
[2024.02.01-02.09.51:194][  0]LogMeshReduction: Using QuadricMeshReduction for automatic static mesh reduction
[2024.02.01-02.09.51:194][  0]LogMeshReduction: Using SimplygonMeshReduction for automatic skeletal mesh reduction
[2024.02.01-02.09.51:194][  0]LogMeshReduction: Using ProxyLODMeshReduction for automatic mesh merging
[2024.02.01-02.09.51:194][  0]LogMeshReduction: No distributed automatic mesh merging module available
[2024.02.01-02.09.51:234][  0]LogMeshMerging: No distributed automatic mesh merging module available
[2024.02.01-02.09.52:908][  0]LogNetVersion: GAM305_Team2 1.0.0, NetCL: 17155196, EngineNetVer: 17, GameNetVer: 0 (Checksum: 2731816784)
[2024.02.01-02.10.16:271][  0]LogTexture: Default maximum texture size for cubemaps generated from long-lat sources has been changed from 512 to unlimited. In order to preserve old behaiour for '/Engine/MapTemplates/Sky/DaylightAmbientCubemap.DaylightAmbientCubemap', its maximum texture size has been explicitly set to 512.
[2024.02.01-02.10.17:837][  0]LogHMD: PokeAHoleMaterial loaded successfully
[2024.02.01-02.10.18:055][  0]LogUObjectArray: 17178 objects as part of root set at end of initial load.
[2024.02.01-02.10.18:055][  0]LogUObjectAllocator: 4302048 out of 0 bytes used by permanent object pool.
[2024.02.01-02.10.18:055][  0]LogUObjectArray: CloseDisregardForGC: 0/0 objects in disregard for GC pool
[2024.02.01-02.10.30:995][  0]LogNiagaraDebuggerClient: Niagara Debugger Client Initialized | Session: 6A79FCCD4C54ABB9C3B065B983A13414 | Instance: EC7402B84986A6BC0CA428872A2E11F1 (MADISON-PC-6080).
[2024.02.01-02.10.33:748][  0]LogPython: Using Python 3.7.7
[2024.02.01-02.10.37:261][  0]LogTcpMessaging: Initializing TcpMessaging bridge
[2024.02.01-02.10.37:426][  0]LogUdpMessaging: Initializing bridge on interface 0.0.0.0:0 to multicast group 230.0.0.1:6666.
[2024.02.01-02.10.42:014][  0]SourceControl: Source control is disabled
[2024.02.01-02.10.43:550][  0]LogUProjectInfo: Found projects:
[2024.02.01-02.10.45:705][  0]LogTexture: Default maximum texture size for cubemaps generated from long-lat sources has been changed from 512 to unlimited. In order to preserve old behaiour for '/Engine/EditorMaterials/AssetViewer/EpicQuadPanorama_CC+EV1.EpicQuadPanorama_CC+EV1', its maximum texture size has been explicitly set to 512.
